Operating on: 11155420 - Optimism Sepolia

Config - REWARD_RECIPIENT not provided, setting swap recipient to relayer address: 0x06003274c3a7926c04cA8d6903cc691fE8f3CEC2
Config - MIN_PROFIT_THRESHOLD_USD: 0.1


Instantiating RNG contracts ...
┌──────────────────────┬──────────────────────────────────────────────┐
│ (index)              │ Values                                       │
├──────────────────────┼──────────────────────────────────────────────┤
│ prizePoolContract    │ '0x122FecA66c2b1Ba8Fa9C39E88152592A5496Bc99' │
│ drawManagerContract  │ '0xcCF00490434D845Ec27cB8B4C05E6356318AafAb' │
│ rngWitnetContract    │ '0xC74638B72DF8C886F7076ac1c8AA6D65E3c83034' │
│ rngBlockhashContract │ undefined                                    │
└──────────────────────┴──────────────────────────────────────────────┘

Gathering info on state of auctions ...
Getting RNG token and native (gas) token market rates ...

Running draw auction state context multicalls ...

******************

Tokens:

1a. Chain Native/Gas Token ETH Market Rate (USD): $3160.0073
1b. Reward Token 'WETH' Market Rate (USD): $3160.0073


Rng Auction State:

2a. Can Start Draw?  ✔
2b. Start Draw Expected Reward: 0.005043703901863559 WETH
2c. Start Draw Expected Reward (USD): $15.94 $15.93814114892733
2d. PrizePool (11155420 - Optimism Sepolia) can start draw in: 207.21666666666667 minutes


Finish Draw Auction State:

3a. Can Finish Draw?  ✗
3b. Finish Draw Expected Reward: 0.0 WETH
3c. Finish Draw Expected Reward (USD): $0 $0



Processing 'Start Draw' for 11155420 - Optimism Sepolia:
Estimating RngWitnet#startDraw() gas costs ...

Error: cannot estimate gas; transaction may fail or may require manual gas limit [ See: https://links.ethers.org/v5-errors-UNPREDICTABLE_GAS_LIMIT ] (reason="execution reverted: WitnetOracleTrustableOvm2: too much reward", method="estimateGas", transaction={"to":"0xC74638B72DF8C886F7076ac1c8AA6D65E3c83034","value":{"type":"BigNumber","hex":"0x1f8b3e6e26f64a"},"data":"0xe401f1d5000000000000000000000000000000000000000000000000001f8b3e6e26f64a000000000000000000000000ccf00490434d845ec27cb8b4c05e6356318aafab00000000000000000000000006003274c3a7926c04ca8d6903cc691fe8f3cec2","accessList":null}, error={"reason":"processing response error","code":"SERVER_ERROR","body":"{\"jsonrpc\":\"2.0\",\"id\":52,\"error\":{\"code\":3,\"data\":\"0x08c379a00000000000000000000000000000000000000000000000000000000000000020000000000000000000000000000000000000000000000000000000000000002a5769746e65744f7261636c65547275737461626c654f766d323a20746f6f206d7563682072657761726400000000000000000000000000000000000000000000\",\"message\":\"execution reverted: WitnetOracleTrustableOvm2: too much reward\"}}","error":{"code":3,"data":"0x08c379a00000000000000000000000000000000000000000000000000000000000000020000000000000000000000000000000000000000000000000000000000000002a5769746e65744f7261636c65547275737461626c654f766d323a20746f6f206d7563682072657761726400000000000000000000000000000000000000000000"},"requestBody":"{\"method\":\"eth_estimateGas\",\"params\":[{\"value\":\"0x1f8b3e6e26f64a\",\"to\":\"0xc74638b72df8c886f7076ac1c8aa6d65e3c83034\",\"data\":\"0xe401f1d5000000000000000000000000000000000000000000000000001f8b3e6e26f64a000000000000000000000000ccf00490434d845ec27cb8b4c05e6356318aafab00000000000000000000000006003274c3a7926c04ca8d6903cc691fe8f3cec2\"}],\"id\":52,\"jsonrpc\":\"2.0\"}","requestMethod":"POST","url":"https://optimism-sepolia.infura.io/v3/f0358a7a223e43e982d51cd8c647bd07"}, code=UNPREDICTABLE_GAS_LIMIT, version=providers/5.7.2)
