Operating on: 11155420 - Optimism Sepolia

Config - REWARD_RECIPIENT not provided, setting swap recipient to relayer address: 0x06003274c3a7926c04cA8d6903cc691fE8f3CEC2
Config - MIN_PROFIT_THRESHOLD_USD: 0.1


Instantiating RNG contracts ...
┌──────────────────────┬──────────────────────────────────────────────┐
│ (index)              │ Values                                       │
├──────────────────────┼──────────────────────────────────────────────┤
│ prizePoolContract    │ '0x122FecA66c2b1Ba8Fa9C39E88152592A5496Bc99' │
│ drawManagerContract  │ '0xcCF00490434D845Ec27cB8B4C05E6356318AafAb' │
│ rngWitnetContract    │ '0xC74638B72DF8C886F7076ac1c8AA6D65E3c83034' │
│ rngBlockhashContract │ undefined                                    │
└──────────────────────┴──────────────────────────────────────────────┘

Gathering info on state of auctions ...
Getting RNG token and native (gas) token market rates ...

Running draw auction state context multicalls ...

******************

Tokens:

1a. Chain Native/Gas Token ETH Market Rate (USD): $3145.941
1b. Reward Token 'WETH' Market Rate (USD): $3145.941


Rng Auction State:

2a. Can Start Draw?  ✗
2b. Start Draw Expected Reward: 0.0 WETH
2c. Start Draw Expected Reward (USD): $0 $0
2d. PrizePool (11155420 - Optimism Sepolia) can start draw in: 151.53333333333333 minutes


Finish Draw Auction State:

3a. Can Finish Draw?  ✔
3b. Finish Draw Expected Reward: 0.000626208668131819 WETH
3c. Finish Draw Expected Reward (USD): $1.97 $1.9700155236312828



Processing 'Finish Draw' for 11155420 - Optimism Sepolia:
Estimating DrawManager#finishDraw() gas costs ...

Estimated gas limit (wei): 0.000000000000398187 ETH (398187 wei)
Recent Gas Price (wei): 0.000000000506282023 ETH (506282023 wei)
Recent Gas Price (gwei): 0.506282023 gwei

Gas Cost (USD): $0.64 $0.6433681578233937


Calculating profit ...

Profit/Loss (USD):

Gross Profit = Reward
Net profit = (Gross Profit - Gas Fees [Max])
$1.33 = ($1.97 - $0.64) $1.3266473658078892 = ($1.9700155236312828 - $0.6433681578233937)

┌──────────────────────────┬─────────┐
│ (index)                  │ Values  │
├──────────────────────────┼─────────┤
│ MIN_PROFIT_THRESHOLD_USD │ '$0.1'  │
│ Net Profit (USD)         │ '$1.33' │
│ Profitable?              │ '✔'     │
└──────────────────────────┴─────────┘

Execute DrawManager#finishDraw
Sending ...



Transaction sent! ✔
Transaction hash: 0x239ee86b945a9ef610828d9262d87dd76fa042a2de300ec3c689a2e35d066f4d

|*******************************************************|
|                                                       |
|    Rewards accumulate post-draw on the PrizePool!     |
|  Withdraw your rewards manually from that contract.   |
|                                                       |
|*******************************************************|
