Operating on: 11155420 - Optimism Sepolia

Config - REWARD_RECIPIENT not provided, setting swap recipient to relayer address: 0x06003274c3a7926c04cA8d6903cc691fE8f3CEC2
Config - MIN_PROFIT_THRESHOLD_USD: 0.1


Instantiating RNG contracts ...
┌──────────────────────┬──────────────────────────────────────────────┐
│ (index)              │ Values                                       │
├──────────────────────┼──────────────────────────────────────────────┤
│ prizePoolContract    │ '0x122FecA66c2b1Ba8Fa9C39E88152592A5496Bc99' │
│ drawManagerContract  │ '0xcCF00490434D845Ec27cB8B4C05E6356318AafAb' │
│ rngWitnetContract    │ '0xC74638B72DF8C886F7076ac1c8AA6D65E3c83034' │
│ rngBlockhashContract │ undefined                                    │
└──────────────────────┴──────────────────────────────────────────────┘

Gathering info on state of auctions ...
Getting RNG token and native (gas) token market rates ...

Running draw auction state context multicalls ...

******************

Tokens:

1a. Chain Native/Gas Token ETH Market Rate (USD): $3131.152
1b. Reward Token 'WETH' Market Rate (USD): $3131.152


Rng Auction State:

2a. Can Start Draw?  ✔
2b. Start Draw Expected Reward: 0.004231100663028138 WETH
2c. Start Draw Expected Reward (USD): $13.25 $13.248219303241882
2d. PrizePool (11155420 - Optimism Sepolia) can start draw in: 190.53333333333333 minutes


Finish Draw Auction State:

3a. Can Finish Draw?  ✗
3b. Finish Draw Expected Reward: 0.0 WETH
3c. Finish Draw Expected Reward (USD): $0 $0



Processing 'Start Draw' for 11155420 - Optimism Sepolia:
Estimating RngWitnet#startDraw() gas costs ...

Estimated gas limit (wei): 0.000000000000737299 ETH (737299 wei)
Recent Gas Price (wei): 0.00000000386702933 ETH (3867029330 wei)
Recent Gas Price (gwei): 3.86702933 gwei

Gas Cost (USD): $9.3 $9.29694944744499

******************


Calculating profit ...
Profit/Loss (USD):

Gross Profit = Reward
Net profit = (Gross Profit - Gas Fees [Max] - RNG Fee)
$0.6 = ($13.25 - $9.3 - $3.35) $0.6000917826732133 = ($13.248219303241882 - $9.29694944744499 - $3.3511780731236795)

┌──────────────────────────┬────────┐
│ (index)                  │ Values │
├──────────────────────────┼────────┤
│ MIN_PROFIT_THRESHOLD_USD │ '$0.1' │
│ Net Profit (USD)         │ '$0.6' │
│ Profitable?              │ '✔'    │
└──────────────────────────┴────────┘

Start Draw Transaction:
Execute rngWitnet#startDraw

Sending ...

