Operating on: 11155420 - Optimism Sepolia

Config - REWARD_RECIPIENT not provided, setting swap recipient to relayer address: 0x06003274c3a7926c04cA8d6903cc691fE8f3CEC2
Config - MIN_PROFIT_THRESHOLD_USD: 0.1


Instantiating RNG contracts ...
┌──────────────────────┬──────────────────────────────────────────────┐
│ (index)              │ Values                                       │
├──────────────────────┼──────────────────────────────────────────────┤
│ prizePoolContract    │ '0x122FecA66c2b1Ba8Fa9C39E88152592A5496Bc99' │
│ drawManagerContract  │ '0xcCF00490434D845Ec27cB8B4C05E6356318AafAb' │
│ rngWitnetContract    │ '0xC74638B72DF8C886F7076ac1c8AA6D65E3c83034' │
│ rngBlockhashContract │ undefined                                    │
└──────────────────────┴──────────────────────────────────────────────┘

Gathering info on state of auctions ...
Getting RNG token and native (gas) token market rates ...

Running draw auction state context multicalls ...

******************

Tokens:

1a. Chain Native/Gas Token ETH Market Rate (USD): $3195.4358
1b. Reward Token 'WETH' Market Rate (USD): $3195.4358


Rng Auction State:

2a. Can Start Draw?  ✔
2b. Start Draw Expected Reward: 0.000037827661302777 WETH
2c. Start Draw Expected Reward (USD): $0.12 $0.12087586315716826
2d. PrizePool (11155420 - Optimism Sepolia) can start draw in: 223.91666666666666 minutes


Finish Draw Auction State:

3a. Can Finish Draw?  ✗
3b. Finish Draw Expected Reward: 0.0 WETH
3c. Finish Draw Expected Reward (USD): $0 $0



Processing 'Start Draw' for 11155420 - Optimism Sepolia:
Estimating RngWitnet#startDraw() gas costs ...

Estimated gas limit (wei): 0.000000000000736664 ETH (736664 wei)
Recent Gas Price (wei): 0.000000000001000252 ETH (1000252 wei)
Recent Gas Price (gwei): 0.001000252 gwei

Gas Cost (USD): $0.01 $0.009190647387353304

******************


Calculating profit ...
Profit/Loss (USD):

Gross Profit = Reward
Net profit = (Gross Profit - Gas Fees [Max] - RNG Fee)
$0.1 = ($0.12 - $0.01 - $0.02) $0.09608676036262989 = ($0.12087586315716826 - $0.009190647387353304 - $0.015598455407185078)

┌──────────────────────────┬────────┐
│ (index)                  │ Values │
├──────────────────────────┼────────┤
│ MIN_PROFIT_THRESHOLD_USD │ '$0.1' │
│ Net Profit (USD)         │ '$0.1' │
│ Profitable?              │ '✗'    │
└──────────────────────────┴────────┘

Completing current auction currently not profitable. Try again soon ...
