Operating on: 11155420 - Optimism Sepolia

Config - REWARD_RECIPIENT not provided, setting swap recipient to relayer address: 0x06003274c3a7926c04cA8d6903cc691fE8f3CEC2
Config - MIN_PROFIT_THRESHOLD_USD: 0.1


Instantiating RNG contracts ...
┌──────────────────────┬──────────────────────────────────────────────┐
│ (index)              │ Values                                       │
├──────────────────────┼──────────────────────────────────────────────┤
│ prizePoolContract    │ '0x122FecA66c2b1Ba8Fa9C39E88152592A5496Bc99' │
│ drawManagerContract  │ '0xcCF00490434D845Ec27cB8B4C05E6356318AafAb' │
│ rngWitnetContract    │ '0xC74638B72DF8C886F7076ac1c8AA6D65E3c83034' │
│ rngBlockhashContract │ undefined                                    │
└──────────────────────┴──────────────────────────────────────────────┘

Gathering info on state of auctions ...
Getting RNG token and native (gas) token market rates ...

Running draw auction state context multicalls ...

******************

Tokens:

1a. Chain Native/Gas Token ETH Market Rate (USD): $3156.5547
1b. Reward Token 'WETH' Market Rate (USD): $3156.5547


Rng Auction State:

2a. Can Start Draw?  ✔
2b. Start Draw Expected Reward: 0.000022504071447574 WETH
2c. Start Draw Expected Reward (USD): $0.07 $0.07103533249697551
2d. PrizePool (11155420 - Optimism Sepolia) can start draw in: 234.28333333333333 minutes


Finish Draw Auction State:

3a. Can Finish Draw?  ✗
3b. Finish Draw Expected Reward: 0.0 WETH
3c. Finish Draw Expected Reward (USD): $0 $0



Processing 'Start Draw' for 11155420 - Optimism Sepolia:
Estimating RngWitnet#startDraw() gas costs ...

Estimated gas limit (wei): 0.000000000000736664 ETH (736664 wei)
Recent Gas Price (wei): 0.000000000001000252 ETH (1000252 wei)
Recent Gas Price (gwei): 0.001000252 gwei

Gas Cost (USD): $0.01 $0.014982023192091198

******************


Calculating profit ...
Profit/Loss (USD):

Gross Profit = Reward
Net profit = (Gross Profit - Gas Fees [Max] - RNG Fee)
$0.03 = ($0.07 - $0.01 - $0.03) $0.027755873576021068 = ($0.07103533249697551 - $0.014982023192091198 - $0.02829743572886324)

┌──────────────────────────┬─────────┐
│ (index)                  │ Values  │
├──────────────────────────┼─────────┤
│ MIN_PROFIT_THRESHOLD_USD │ '$0.1'  │
│ Net Profit (USD)         │ '$0.03' │
│ Profitable?              │ '✗'     │
└──────────────────────────┴─────────┘

Completing current auction currently not profitable. Try again soon ...
