Operating on: 11155420 - Optimism Sepolia

Config - REWARD_RECIPIENT not provided, setting swap recipient to relayer address: 0x06003274c3a7926c04cA8d6903cc691fE8f3CEC2
Config - MIN_PROFIT_THRESHOLD_USD: 0.1


Instantiating RNG contracts ...
┌──────────────────────┬──────────────────────────────────────────────┐
│ (index)              │ Values                                       │
├──────────────────────┼──────────────────────────────────────────────┤
│ prizePoolContract    │ '0x122FecA66c2b1Ba8Fa9C39E88152592A5496Bc99' │
│ drawManagerContract  │ '0xcCF00490434D845Ec27cB8B4C05E6356318AafAb' │
│ rngWitnetContract    │ '0xC74638B72DF8C886F7076ac1c8AA6D65E3c83034' │
│ rngBlockhashContract │ undefined                                    │
└──────────────────────┴──────────────────────────────────────────────┘

Gathering info on state of auctions ...
Getting RNG token and native (gas) token market rates ...

Running draw auction state context multicalls ...

******************

Tokens:

1a. Chain Native/Gas Token ETH Market Rate (USD): $3306.8682
1b. Reward Token 'WETH' Market Rate (USD): $3306.8682


Rng Auction State:

2a. Can Start Draw?  ✔
2b. Start Draw Expected Reward: 0.007994567399820437 WETH
2c. Start Draw Expected Reward (USD): $26.44 $26.436980707222887
2d. PrizePool (11155420 - Optimism Sepolia) can start draw in: 183.16666666666666 minutes


Finish Draw Auction State:

3a. Can Finish Draw?  ✗
3b. Finish Draw Expected Reward: 0.0 WETH
3c. Finish Draw Expected Reward (USD): $0 $0



Processing 'Start Draw' for 11155420 - Optimism Sepolia:
Estimating RngWitnet#startDraw() gas costs ...

Estimated gas limit (wei): 0.000000000000737217 ETH (737217 wei)
Recent Gas Price (wei): 0.000000000001000263 ETH (1000263 wei)
Recent Gas Price (gwei): 0.001000263 gwei

Gas Cost (USD): $0.01 $0.011097755986956592

******************


Calculating profit ...
Profit/Loss (USD):

Gross Profit = Reward
Net profit = (Gross Profit - Gas Fees [Max] - RNG Fee)
$26.41 = ($26.44 - $0.01 - $0.02) $26.40628045852112 = ($26.436980707222887 - $0.011097755986956592 - $0.019602492714811143)

┌──────────────────────────┬──────────┐
│ (index)                  │ Values   │
├──────────────────────────┼──────────┤
│ MIN_PROFIT_THRESHOLD_USD │ '$0.1'   │
│ Net Profit (USD)         │ '$26.41' │
│ Profitable?              │ '✔'      │
└──────────────────────────┴──────────┘

Start Draw Transaction:
Execute rngWitnet#startDraw

Sending ...

