Operating on: 11155420 - Optimism Sepolia

Config - REWARD_RECIPIENT not provided, setting swap recipient to relayer address: 0x06003274c3a7926c04cA8d6903cc691fE8f3CEC2
Config - MIN_PROFIT_THRESHOLD_USD: 0.1


Instantiating RNG contracts ...
┌──────────────────────┬──────────────────────────────────────────────┐
│ (index)              │ Values                                       │
├──────────────────────┼──────────────────────────────────────────────┤
│ prizePoolContract    │ '0x122FecA66c2b1Ba8Fa9C39E88152592A5496Bc99' │
│ drawManagerContract  │ '0xcCF00490434D845Ec27cB8B4C05E6356318AafAb' │
│ rngWitnetContract    │ '0xC74638B72DF8C886F7076ac1c8AA6D65E3c83034' │
│ rngBlockhashContract │ undefined                                    │
└──────────────────────┴──────────────────────────────────────────────┘

Gathering info on state of auctions ...
Getting RNG token and native (gas) token market rates ...

Running draw auction state context multicalls ...

******************

Tokens:

1a. Chain Native/Gas Token ETH Market Rate (USD): $3179.1418
1b. Reward Token 'WETH' Market Rate (USD): $3179.1418


Rng Auction State:

2a. Can Start Draw?  ✔
2b. Start Draw Expected Reward: 0.000043492644188633 WETH
2c. Start Draw Expected Reward (USD): $0.14 $0.13826928313261025
2d. PrizePool (11155420 - Optimism Sepolia) can start draw in: 232.15 minutes


Finish Draw Auction State:

3a. Can Finish Draw?  ✗
3b. Finish Draw Expected Reward: 0.0 WETH
3c. Finish Draw Expected Reward (USD): $0 $0



Processing 'Start Draw' for 11155420 - Optimism Sepolia:
Estimating RngWitnet#startDraw() gas costs ...

Estimated gas limit (wei): 0.000000000000736614 ETH (736614 wei)
Recent Gas Price (wei): 0.000000000001000403 ETH (1000403 wei)
Recent Gas Price (gwei): 0.001000403 gwei

Gas Cost (USD): $0.01 $0.013673455927976488

******************


Calculating profit ...
Profit/Loss (USD):

Gross Profit = Reward
Net profit = (Gross Profit - Gas Fees [Max] - RNG Fee)
$0.1 = ($0.14 - $0.01 - $0.03) $0.09918736113207707 = ($0.13826928313261025 - $0.013673455927976488 - $0.025408466072556684)

┌──────────────────────────┬────────┐
│ (index)                  │ Values │
├──────────────────────────┼────────┤
│ MIN_PROFIT_THRESHOLD_USD │ '$0.1' │
│ Net Profit (USD)         │ '$0.1' │
│ Profitable?              │ '✗'    │
└──────────────────────────┴────────┘

Completing current auction currently not profitable. Try again soon ...
